2023/04/11 22:19:22 reset election timer for node 0, timeout 774.536327ms
2023/04/11 22:19:22 reset election timer for node 1, timeout 405.008674ms
2023/04/11 22:19:22 reset election timer for node 2, timeout 764.466862ms
Test (2A): initial election ...
2023/04/11 22:19:22 ====================node 2 started election, role=Follower====================
2023/04/11 22:19:22 changing roles for node 2 from Follower to Candidate
2023/04/11 22:19:22 ====================node 1 received RequestVote PRC from 2 for term 1====================
2023/04/11 22:19:22 reset election timer for node 1, timeout 717.305571ms
2023/04/11 22:19:22 node 1 voted for 2 for the first time
2023/04/11 22:19:22 ================================================================================
2023/04/11 22:19:22 ====================node 0 received RequestVote PRC from 2 for term 1====================
2023/04/11 22:19:22 reset election timer for node 0, timeout 625.091916ms
2023/04/11 22:19:22 node 0 voted for 2 for the first time
2023/04/11 22:19:22 ================================================================================
2023/04/11 22:19:22 node 2 received 2 votes, became leader for term=0
2023/04/11 22:19:22 changing roles for node 2 from Candidate to Leader
2023/04/11 22:19:22 reset election timer for node 2, timeout 523.881212ms
2023/04/11 22:19:22 ================================================================================
2023/04/11 22:19:23 ====================node 0 received AppendEntries PRC from 2====================
2023/04/11 22:19:23 reset election timer for node 0, timeout 629.051563ms
2023/04/11 22:19:23 ================================================================================
2023/04/11 22:19:23 ====================node 1 received AppendEntries PRC from 2====================
2023/04/11 22:19:23 reset election timer for node 1, timeout 657.153992ms
2023/04/11 22:19:23 ================================================================================
2023/04/11 22:19:23 ====================node 0 received AppendEntries PRC from 2====================
2023/04/11 22:19:23 reset election timer for node 0, timeout 445.956403ms
2023/04/11 22:19:23 ================================================================================
2023/04/11 22:19:23 leader 2 received a heartbeat reply with higher term=1 than current term=0 from node 0
2023/04/11 22:19:23 changing roles for node 2 from Leader to Follower
2023/04/11 22:19:23 reset election timer for node 2, timeout 691.514561ms
2023/04/11 22:19:23 ====================node 0 started election, role=Follower====================
2023/04/11 22:19:23 changing roles for node 0 from Follower to Candidate
2023/04/11 22:19:23 ====================node 1 received RequestVote PRC from 0 for term 2====================
2023/04/11 22:19:23 ====================node 2 received RequestVote PRC from 0 for term 2====================
2023/04/11 22:19:23 reset election timer for node 2, timeout 521.669566ms
2023/04/11 22:19:23 node 2 voted for 0 for the first time
2023/04/11 22:19:23 ================================================================================
2023/04/11 22:19:23 reset election timer for node 1, timeout 683.086181ms
2023/04/11 22:19:23 node 1 voted for 0 for the first time
2023/04/11 22:19:23 ================================================================================
2023/04/11 22:19:23 node 0 received 2 votes, became leader for term=1
2023/04/11 22:19:23 changing roles for node 0 from Candidate to Leader
2023/04/11 22:19:23 reset election timer for node 0, timeout 614.136391ms
2023/04/11 22:19:23 ================================================================================
2023/04/11 22:19:23 ====================node 1 received AppendEntries PRC from 0====================
2023/04/11 22:19:23 reset election timer for node 1, timeout 712.593822ms
2023/04/11 22:19:23 ================================================================================
2023/04/11 22:19:23 ====================node 2 received AppendEntries PRC from 0====================
2023/04/11 22:19:23 reset election timer for node 2, timeout 465.150762ms
2023/04/11 22:19:23 ================================================================================
2023/04/11 22:19:24 ====================node 1 received AppendEntries PRC from 0====================
2023/04/11 22:19:24 reset election timer for node 1, timeout 688.632654ms
2023/04/11 22:19:24 ================================================================================
2023/04/11 22:19:24 leader 0 received a heartbeat reply with higher term=2 than current term=1 from node 1
2023/04/11 22:19:24 changing roles for node 0 from Leader to Follower
2023/04/11 22:19:24 reset election timer for node 0, timeout 604.683834ms
2023/04/11 22:19:24 ====================node 2 started election, role=Follower====================
2023/04/11 22:19:24 changing roles for node 2 from Follower to Candidate
2023/04/11 22:19:24 ====================node 0 received RequestVote PRC from 2 for term 3====================
2023/04/11 22:19:24 reset election timer for node 0, timeout 761.74731ms
2023/04/11 22:19:24 node 0 voted for 2 for the first time
2023/04/11 22:19:24 ================================================================================
2023/04/11 22:19:24 ====================node 1 received RequestVote PRC from 2 for term 3====================
2023/04/11 22:19:24 reset election timer for node 1, timeout 646.586959ms
2023/04/11 22:19:24 node 1 voted for 2 for the first time
2023/04/11 22:19:24 ================================================================================
2023/04/11 22:19:24 node 2 received 2 votes, became leader for term=2
2023/04/11 22:19:24 changing roles for node 2 from Candidate to Leader
2023/04/11 22:19:24 reset election timer for node 2, timeout 719.523881ms
2023/04/11 22:19:24 ================================================================================
2023/04/11 22:19:24 ====================node 0 received AppendEntries PRC from 2====================
2023/04/11 22:19:24 reset election timer for node 0, timeout 452.510524ms
2023/04/11 22:19:24 ================================================================================
2023/04/11 22:19:24 ====================node 1 received AppendEntries PRC from 2====================
2023/04/11 22:19:24 reset election timer for node 1, timeout 594.702099ms
2023/04/11 22:19:24 ================================================================================
2023/04/11 22:19:24 ====================node 0 received AppendEntries PRC from 2====================
2023/04/11 22:19:24 reset election timer for node 0, timeout 476.620936ms
2023/04/11 22:19:24 ================================================================================
2023/04/11 22:19:24 leader 2 received a heartbeat reply with higher term=3 than current term=2 from node 0
2023/04/11 22:19:24 changing roles for node 2 from Leader to Follower
2023/04/11 22:19:24 reset election timer for node 2, timeout 670.698905ms
2023/04/11 22:19:25 ====================node 1 started election, role=Follower====================
2023/04/11 22:19:25 changing roles for node 1 from Follower to Candidate
2023/04/11 22:19:25 ====================node 2 received RequestVote PRC from 1 for term 4====================
2023/04/11 22:19:25 reset election timer for node 2, timeout 697.508998ms
2023/04/11 22:19:25 node 2 voted for 1 for the first time
2023/04/11 22:19:25 ================================================================================
2023/04/11 22:19:25 ====================node 0 received RequestVote PRC from 1 for term 4====================
2023/04/11 22:19:25 reset election timer for node 0, timeout 502.05652ms
2023/04/11 22:19:25 node 0 voted for 1 for the first time
2023/04/11 22:19:25 ================================================================================
2023/04/11 22:19:25 node 1 received 2 votes, became leader for term=3
2023/04/11 22:19:25 changing roles for node 1 from Candidate to Leader
2023/04/11 22:19:25 reset election timer for node 1, timeout 432.34885ms
2023/04/11 22:19:25 ================================================================================
2023/04/11 22:19:25 ====================node 0 received AppendEntries PRC from 1====================
2023/04/11 22:19:25 reset election timer for node 0, timeout 621.669241ms
2023/04/11 22:19:25 ================================================================================
2023/04/11 22:19:25 ====================node 2 received AppendEntries PRC from 1====================
2023/04/11 22:19:25 reset election timer for node 2, timeout 594.950413ms
2023/04/11 22:19:25 ================================================================================
2023/04/11 22:19:25 ====================node 0 received AppendEntries PRC from 1====================
2023/04/11 22:19:25 reset election timer for node 0, timeout 508.638531ms
2023/04/11 22:19:25 ================================================================================
2023/04/11 22:19:25 leader 1 received a heartbeat reply with higher term=4 than current term=3 from node 0
2023/04/11 22:19:25 changing roles for node 1 from Leader to Follower
2023/04/11 22:19:25 reset election timer for node 1, timeout 646.827109ms
2023/04/11 22:19:25 ====================node 2 started election, role=Follower====================
2023/04/11 22:19:25 changing roles for node 2 from Follower to Candidate
2023/04/11 22:19:25 ====================node 1 received RequestVote PRC from 2 for term 5====================
2023/04/11 22:19:25 ====================node 0 received RequestVote PRC from 2 for term 5====================
2023/04/11 22:19:25 reset election timer for node 0, timeout 402.035836ms
2023/04/11 22:19:25 node 0 voted for 2 for the first time
2023/04/11 22:19:25 reset election timer for node 1, timeout 410.018513ms
2023/04/11 22:19:25 node 1 voted for 2 for the first time
2023/04/11 22:19:25 ================================================================================
2023/04/11 22:19:25 ================================================================================
2023/04/11 22:19:25 node 2 received 2 votes, became leader for term=4
2023/04/11 22:19:25 changing roles for node 2 from Candidate to Leader
2023/04/11 22:19:25 reset election timer for node 2, timeout 635.652304ms
2023/04/11 22:19:25 ================================================================================
2023/04/11 22:19:25 ====================node 0 received AppendEntries PRC from 2====================
2023/04/11 22:19:25 reset election timer for node 0, timeout 772.782834ms
2023/04/11 22:19:25 ================================================================================
2023/04/11 22:19:25 ====================node 1 received AppendEntries PRC from 2====================
2023/04/11 22:19:25 reset election timer for node 1, timeout 723.199295ms
2023/04/11 22:19:25 ================================================================================
2023/04/11 22:19:25 ====================node 0 received AppendEntries PRC from 2====================
2023/04/11 22:19:25 reset election timer for node 0, timeout 532.101085ms
2023/04/11 22:19:25 ================================================================================
2023/04/11 22:19:25 leader 2 received a heartbeat reply with higher term=5 than current term=4 from node 0
2023/04/11 22:19:25 changing roles for node 2 from Leader to Follower
2023/04/11 22:19:25 reset election timer for node 2, timeout 520.135551ms
warning: term changed even though there were no failures2023/04/11 22:19:26 ====================node 2 started election, role=Follower====================
2023/04/11 22:19:26 changing roles for node 2 from Follower to Candidate
2023/04/11 22:19:26 ====================node 1 received RequestVote PRC from 2 for term 6====================
2023/04/11 22:19:26 ====================node 0 received RequestVote PRC from 2 for term 6====================
2023/04/11 22:19:26 reset election timer for node 1, timeout 577.216059ms
2023/04/11 22:19:26 node 1 voted for 2 for the first time
2023/04/11 22:19:26 ================================================================================
2023/04/11 22:19:26 reset election timer for node 0, timeout 566.306116ms
2023/04/11 22:19:26 node 0 voted for 2 for the first time
2023/04/11 22:19:26 ================================================================================
2023/04/11 22:19:26 node 2 received 2 votes, became leader for term=5
2023/04/11 22:19:26 changing roles for node 2 from Candidate to Leader
2023/04/11 22:19:26 reset election timer for node 2, timeout 465.331691ms
2023/04/11 22:19:26 ================================================================================
  ... Passed --   3.6  3   27    6144    0
2023/04/11 22:19:26 reset election timer for node 0, timeout 511.469649ms
2023/04/11 22:19:26 reset election timer for node 1, timeout 610.177553ms
2023/04/11 22:19:26 reset election timer for node 2, timeout 529.709485ms
Test (2A): election after network failure ...
2023/04/11 22:19:26 leader 2 can not send heartbeat to peer 0
2023/04/11 22:19:26 leader 2 can not send heartbeat to peer 1
2023/04/11 22:19:26 ====================node 2 started election, role=Leader====================
2023/04/11 22:19:26 node 2 is a leader, skipping this election
2023/04/11 22:19:26 ================================================================================
2023/04/11 22:19:27 ====================node 0 started election, role=Follower====================
2023/04/11 22:19:27 changing roles for node 0 from Follower to Candidate
2023/04/11 22:19:27 node 0 can't reach peer 1 to send request vote rpc
2023/04/11 22:19:27 node 0 can't reach peer 2 to send request vote rpc
2023/04/11 22:19:27 node 0 received 1 votes, not enough
2023/04/11 22:19:27 changing roles for node 0 from Candidate to Follower
2023/04/11 22:19:27 reset election timer for node 0, timeout 581.411583ms
2023/04/11 22:19:27 ================================================================================
2023/04/11 22:19:27 ====================node 0 started election, role=Follower====================
2023/04/11 22:19:27 changing roles for node 0 from Follower to Candidate
2023/04/11 22:19:27 ====================node 2 received RequestVote PRC from 0 for term 1====================
2023/04/11 22:19:27 ====================node 1 received RequestVote PRC from 0 for term 1====================
2023/04/11 22:19:27 reset election timer for node 1, timeout 704.418963ms
2023/04/11 22:19:27 node 1 voted for 0 for the first time
2023/04/11 22:19:27 ================================================================================
2023/04/11 22:19:27 reset election timer for node 2, timeout 665.956488ms
2023/04/11 22:19:27 node 2 voted for 0 for the first time
2023/04/11 22:19:27 ================================================================================
2023/04/11 22:19:27 node 0 received 2 votes, became leader for term=0
2023/04/11 22:19:27 changing roles for node 0 from Candidate to Leader
2023/04/11 22:19:27 reset election timer for node 0, timeout 717.490544ms
2023/04/11 22:19:27 ================================================================================
2023/04/11 22:19:27 ====================node 1 started election, role=Follower====================
2023/04/11 22:19:27 changing roles for node 1 from Follower to Candidate
2023/04/11 22:19:27 node 1 can't reach peer 2 to send request vote rpc
2023/04/11 22:19:27 node 1 can't reach peer 0 to send request vote rpc
2023/04/11 22:19:27 node 1 received 1 votes, not enough
2023/04/11 22:19:27 changing roles for node 1 from Candidate to Follower
2023/04/11 22:19:27 reset election timer for node 1, timeout 636.061098ms
2023/04/11 22:19:27 ================================================================================
2023/04/11 22:19:27 ====================node 1 received AppendEntries PRC from 0====================
2023/04/11 22:19:27 reset election timer for node 1, timeout 480.3315ms
2023/04/11 22:19:27 ================================================================================
2023/04/11 22:19:27 ====================node 2 received AppendEntries PRC from 0====================
2023/04/11 22:19:27 reset election timer for node 2, timeout 467.69249ms
2023/04/11 22:19:27 ================================================================================
2023/04/11 22:19:27 ====================node 1 received AppendEntries PRC from 0====================
2023/04/11 22:19:27 reset election timer for node 1, timeout 768.667513ms
2023/04/11 22:19:27 ================================================================================
2023/04/11 22:19:27 leader 0 received a heartbeat reply with higher term=1 than current term=0 from node 1
2023/04/11 22:19:27 changing roles for node 0 from Leader to Follower
2023/04/11 22:19:27 reset election timer for node 0, timeout 648.003236ms
2023/04/11 22:19:27 ====================node 2 started election, role=Follower====================
2023/04/11 22:19:27 changing roles for node 2 from Follower to Candidate
2023/04/11 22:19:27 ====================node 0 received RequestVote PRC from 2 for term 2====================
2023/04/11 22:19:27 reset election timer for node 0, timeout 459.25339ms
2023/04/11 22:19:27 ====================node 1 received RequestVote PRC from 2 for term 2====================
2023/04/11 22:19:27 reset election timer for node 1, timeout 612.431414ms
2023/04/11 22:19:27 node 1 voted for 2 for the first time
2023/04/11 22:19:27 ================================================================================
2023/04/11 22:19:27 node 0 voted for 2 for the first time
2023/04/11 22:19:27 ================================================================================
2023/04/11 22:19:27 node 2 received 2 votes, became leader for term=1
2023/04/11 22:19:27 changing roles for node 2 from Candidate to Leader
2023/04/11 22:19:27 reset election timer for node 2, timeout 484.060536ms
2023/04/11 22:19:27 ================================================================================
2023/04/11 22:19:27 ====================node 0 received AppendEntries PRC from 2====================
2023/04/11 22:19:27 reset election timer for node 0, timeout 459.838664ms
2023/04/11 22:19:27 ================================================================================
2023/04/11 22:19:27 ====================node 1 received AppendEntries PRC from 2====================
2023/04/11 22:19:27 reset election timer for node 1, timeout 628.530083ms
2023/04/11 22:19:27 ================================================================================
2023/04/11 22:19:27 ====================node 0 received AppendEntries PRC from 2====================
2023/04/11 22:19:27 reset election timer for node 0, timeout 708.608528ms
2023/04/11 22:19:27 ================================================================================
2023/04/11 22:19:27 leader 2 received a heartbeat reply with higher term=2 than current term=1 from node 0
2023/04/11 22:19:27 changing roles for node 2 from Leader to Follower
2023/04/11 22:19:27 reset election timer for node 2, timeout 408.634209ms
2023/04/11 22:19:28 ====================node 2 started election, role=Follower====================
2023/04/11 22:19:28 changing roles for node 2 from Follower to Candidate
2023/04/11 22:19:28 ====================node 1 received RequestVote PRC from 2 for term 3====================
2023/04/11 22:19:28 reset election timer for node 1, timeout 634.069001ms
2023/04/11 22:19:28 node 1 voted for 2 for the first time
2023/04/11 22:19:28 ================================================================================
2023/04/11 22:19:28 ====================node 0 received RequestVote PRC from 2 for term 3====================
2023/04/11 22:19:28 reset election timer for node 0, timeout 732.209536ms
2023/04/11 22:19:28 node 0 voted for 2 for the first time
2023/04/11 22:19:28 ================================================================================
2023/04/11 22:19:28 node 2 received 2 votes, became leader for term=2
2023/04/11 22:19:28 changing roles for node 2 from Candidate to Leader
2023/04/11 22:19:28 reset election timer for node 2, timeout 478.478616ms
2023/04/11 22:19:28 ================================================================================
2023/04/11 22:19:28 ====================node 0 received AppendEntries PRC from 2====================
2023/04/11 22:19:28 reset election timer for node 0, timeout 586.772832ms
2023/04/11 22:19:28 ================================================================================
2023/04/11 22:19:28 ====================node 1 received AppendEntries PRC from 2====================
2023/04/11 22:19:28 reset election timer for node 1, timeout 775.236837ms
2023/04/11 22:19:28 ================================================================================
2023/04/11 22:19:28 disconnecting leader=node 2
2023/04/11 22:19:28 ====================node 2 started election, role=Leader====================
2023/04/11 22:19:29 ====================node 0 started election, role=Follower====================
2023/04/11 22:19:29 changing roles for node 0 from Follower to Candidate
2023/04/11 22:19:29 ====================node 1 received RequestVote PRC from 0 for term 4====================
2023/04/11 22:19:29 reset election timer for node 1, timeout 487.913485ms
2023/04/11 22:19:29 node 1 voted for 0 for the first time
2023/04/11 22:19:29 ================================================================================
2023/04/11 22:19:29 node 0 received 2 votes, became leader for term=3
2023/04/11 22:19:29 changing roles for node 0 from Candidate to Leader
2023/04/11 22:19:29 reset election timer for node 0, timeout 541.062776ms
2023/04/11 22:19:29 ================================================================================
2023/04/11 22:19:29 ====================node 1 received AppendEntries PRC from 0====================
2023/04/11 22:19:29 reset election timer for node 1, timeout 611.553829ms
2023/04/11 22:19:29 ================================================================================
2023/04/11 22:19:29 ====================node 0 started election, role=Leader====================
2023/04/11 22:19:29 ====================node 1 started election, role=Follower====================
2023/04/11 22:19:29 changing roles for node 1 from Follower to Candidate
2023/04/11 22:19:29 ====================node 0 received RequestVote PRC from 1 for term 5====================
2023/04/11 22:19:31 leader 0 can not send heartbeat to peer 2
2023/04/11 22:19:31 ====================node 1 received AppendEntries PRC from 0====================
2023/04/11 22:19:32 node 0 can't reach peer 2 to send request vote rpc
2023/04/11 22:19:32 node 1 can't reach peer 2 to send request vote rpc
2023/04/11 22:19:33 leader 2 can not send heartbeat to peer 0
2023/04/11 22:19:38 leader 2 can not send heartbeat to peer 1
2023/04/11 22:19:38 node 2 is a leader, skipping this election
2023/04/11 22:19:38 ================================================================================
2023/04/11 22:19:40 leader 2 can not send heartbeat to peer 0
2023/04/11 22:19:40 leader 2 can not send heartbeat to peer 1
2023/04/11 22:19:43 leader 2 can not send heartbeat to peer 0
2023/04/11 22:19:49 leader 2 can not send heartbeat to peer 1
2023/04/11 22:19:54 leader 2 can not send heartbeat to peer 0
2023/04/11 22:20:00 leader 2 can not send heartbeat to peer 1
2023/04/11 22:20:03 leader 2 can not send heartbeat to peer 0
2023/04/11 22:20:10 leader 2 can not send heartbeat to peer 1
2023/04/11 22:20:12 leader 2 can not send heartbeat to peer 0
2023/04/11 22:20:18 leader 2 can not send heartbeat to peer 1
2023/04/11 22:20:25 leader 2 can not send heartbeat to peer 0
2023/04/11 22:20:27 leader 2 can not send heartbeat to peer 1
2023/04/11 22:20:34 leader 2 can not send heartbeat to peer 0
2023/04/11 22:20:35 leader 2 can not send heartbeat to peer 1
2023/04/11 22:20:39 leader 2 can not send heartbeat to peer 0
2023/04/11 22:20:42 leader 2 can not send heartbeat to peer 1
2023/04/11 22:20:42 leader 2 can not send heartbeat to peer 0
2023/04/11 22:20:47 leader 2 can not send heartbeat to peer 1
2023/04/11 22:20:50 leader 2 can not send heartbeat to peer 0
2023/04/11 22:20:55 leader 2 can not send heartbeat to peer 1
2023/04/11 22:20:58 leader 2 can not send heartbeat to peer 0
2023/04/11 22:21:04 leader 2 can not send heartbeat to peer 1
2023/04/11 22:21:11 leader 2 can not send heartbeat to peer 0
2023/04/11 22:21:17 leader 2 can not send heartbeat to peer 1
2023/04/11 22:21:17 leader 2 can not send heartbeat to peer 0
2023/04/11 22:21:19 leader 2 can not send heartbeat to peer 1
2023/04/11 22:21:24 leader 2 can not send heartbeat to peer 0
2023/04/11 22:21:31 leader 2 can not send heartbeat to peer 1
2023/04/11 22:21:36 leader 2 can not send heartbeat to peer 0
2023/04/11 22:21:41 leader 2 can not send heartbeat to peer 1
2023/04/11 22:21:44 leader 2 can not send heartbeat to peer 0
2023/04/11 22:21:50 leader 2 can not send heartbeat to peer 1
2023/04/11 22:21:52 leader 2 can not send heartbeat to peer 0
2023/04/11 22:21:53 leader 2 can not send heartbeat to peer 1
2023/04/11 22:21:53 leader 2 can not send heartbeat to peer 0
2023/04/11 22:21:59 leader 2 can not send heartbeat to peer 1
2023/04/11 22:22:01 leader 2 can not send heartbeat to peer 0
2023/04/11 22:22:01 leader 2 can not send heartbeat to peer 1
2023/04/11 22:22:03 leader 2 can not send heartbeat to peer 0
2023/04/11 22:22:05 leader 2 can not send heartbeat to peer 1
2023/04/11 22:22:06 leader 2 can not send heartbeat to peer 0
2023/04/11 22:22:10 leader 2 can not send heartbeat to peer 1
2023/04/11 22:22:16 leader 2 can not send heartbeat to peer 0
2023/04/11 22:22:20 leader 2 can not send heartbeat to peer 1
2023/04/11 22:22:22 leader 2 can not send heartbeat to peer 0
2023/04/11 22:22:23 leader 2 can not send heartbeat to peer 1
2023/04/11 22:22:30 leader 2 can not send heartbeat to peer 0
2023/04/11 22:22:33 leader 2 can not send heartbeat to peer 1
2023/04/11 22:22:33 leader 2 can not send heartbeat to peer 0
2023/04/11 22:22:34 leader 2 can not send heartbeat to peer 1
2023/04/11 22:22:36 leader 2 can not send heartbeat to peer 0
2023/04/11 22:22:41 leader 2 can not send heartbeat to peer 1
2023/04/11 22:22:42 leader 2 can not send heartbeat to peer 0
2023/04/11 22:22:49 leader 2 can not send heartbeat to peer 1
2023/04/11 22:22:53 leader 2 can not send heartbeat to peer 0
2023/04/11 22:22:54 leader 2 can not send heartbeat to peer 1
2023/04/11 22:23:00 leader 2 can not send heartbeat to peer 0
2023/04/11 22:23:02 leader 2 can not send heartbeat to peer 1
2023/04/11 22:23:09 leader 2 can not send heartbeat to peer 0
2023/04/11 22:23:15 leader 2 can not send heartbeat to peer 1
2023/04/11 22:23:19 leader 2 can not send heartbeat to peer 0
2023/04/11 22:23:22 leader 2 can not send heartbeat to peer 1
2023/04/11 22:23:22 leader 2 can not send heartbeat to peer 0
2023/04/11 22:23:23 leader 2 can not send heartbeat to peer 1
2023/04/11 22:23:26 leader 2 can not send heartbeat to peer 0
2023/04/11 22:23:28 leader 2 can not send heartbeat to peer 1
2023/04/11 22:23:30 leader 2 can not send heartbeat to peer 0
2023/04/11 22:23:30 leader 2 can not send heartbeat to peer 1
2023/04/11 22:23:31 leader 2 can not send heartbeat to peer 0
2023/04/11 22:23:31 leader 2 can not send heartbeat to peer 1
2023/04/11 22:23:33 leader 2 can not send heartbeat to peer 0
2023/04/11 22:23:36 leader 2 can not send heartbeat to peer 1
2023/04/11 22:23:40 leader 2 can not send heartbeat to peer 0
2023/04/11 22:23:45 leader 2 can not send heartbeat to peer 1
2023/04/11 22:23:48 leader 2 can not send heartbeat to peer 0
2023/04/11 22:23:50 leader 2 can not send heartbeat to peer 1
2023/04/11 22:23:53 leader 2 can not send heartbeat to peer 0
2023/04/11 22:23:58 leader 2 can not send heartbeat to peer 1
2023/04/11 22:24:00 leader 2 can not send heartbeat to peer 0
2023/04/11 22:24:04 leader 2 can not send heartbeat to peer 1
2023/04/11 22:24:06 leader 2 can not send heartbeat to peer 0
2023/04/11 22:24:12 leader 2 can not send heartbeat to peer 1
2023/04/11 22:24:18 leader 2 can not send heartbeat to peer 0
2023/04/11 22:24:21 leader 2 can not send heartbeat to peer 1
2023/04/11 22:24:23 leader 2 can not send heartbeat to peer 0
2023/04/11 22:24:24 leader 2 can not send heartbeat to peer 1
2023/04/11 22:24:25 leader 2 can not send heartbeat to peer 0
2023/04/11 22:24:29 leader 2 can not send heartbeat to peer 1
2023/04/11 22:24:35 leader 2 can not send heartbeat to peer 0
2023/04/11 22:24:42 leader 2 can not send heartbeat to peer 1
2023/04/11 22:24:42 leader 2 can not send heartbeat to peer 0
2023/04/11 22:24:44 leader 2 can not send heartbeat to peer 1
2023/04/11 22:24:48 leader 2 can not send heartbeat to peer 0
2023/04/11 22:24:52 leader 2 can not send heartbeat to peer 1
2023/04/11 22:24:58 leader 2 can not send heartbeat to peer 0
2023/04/11 22:25:02 leader 2 can not send heartbeat to peer 1
2023/04/11 22:25:04 leader 2 can not send heartbeat to peer 0
2023/04/11 22:25:08 leader 2 can not send heartbeat to peer 1
2023/04/11 22:25:13 leader 2 can not send heartbeat to peer 0
2023/04/11 22:25:14 leader 2 can not send heartbeat to peer 1
2023/04/11 22:25:17 leader 2 can not send heartbeat to peer 0
2023/04/11 22:25:20 leader 2 can not send heartbeat to peer 1
2023/04/11 22:25:25 leader 2 can not send heartbeat to peer 0
2023/04/11 22:25:28 leader 2 can not send heartbeat to peer 1
2023/04/11 22:25:32 leader 2 can not send heartbeat to peer 0
2023/04/11 22:25:32 leader 2 can not send heartbeat to peer 1
2023/04/11 22:25:38 leader 2 can not send heartbeat to peer 0
2023/04/11 22:25:42 leader 2 can not send heartbeat to peer 1
2023/04/11 22:25:48 leader 2 can not send heartbeat to peer 0
2023/04/11 22:25:51 leader 2 can not send heartbeat to peer 1
2023/04/11 22:25:52 leader 2 can not send heartbeat to peer 0
2023/04/11 22:25:54 leader 2 can not send heartbeat to peer 1
2023/04/11 22:25:58 leader 2 can not send heartbeat to peer 0
2023/04/11 22:25:58 leader 2 can not send heartbeat to peer 1
2023/04/11 22:26:03 leader 2 can not send heartbeat to peer 0
2023/04/11 22:26:09 leader 2 can not send heartbeat to peer 1
2023/04/11 22:26:15 leader 2 can not send heartbeat to peer 0
2023/04/11 22:26:20 leader 2 can not send heartbeat to peer 1
2023/04/11 22:26:25 leader 2 can not send heartbeat to peer 0
2023/04/11 22:26:31 leader 2 can not send heartbeat to peer 1
2023/04/11 22:26:37 leader 2 can not send heartbeat to peer 0
2023/04/11 22:26:40 leader 2 can not send heartbeat to peer 1
2023/04/11 22:26:43 leader 2 can not send heartbeat to peer 0
2023/04/11 22:26:48 leader 2 can not send heartbeat to peer 1
2023/04/11 22:26:53 leader 2 can not send heartbeat to peer 0
2023/04/11 22:26:54 leader 2 can not send heartbeat to peer 1
2023/04/11 22:27:00 leader 2 can not send heartbeat to peer 0
signal: interrupt
FAIL	github.com/jerrywang1010/6.824/src/raft	458.689s
